Arguments: 
  C:\Program Files\nodejs\node.exe C:\Users\myrza\AppData\Local\node\corepack\yarn\1.22.19\bin\yarn.js add django-cors-headers

PATH: 
  C:\justcode\dj_final_project\.venv/Scripts;C:\Users\myrza\AppData\Local\Programs\Python\Python311\;C:\Users\myrza\AppData\Local\Programs\Python\Python311\Scripts\;C:\WINDOWS\system32;C:\WINDOWS;C:\WINDOWS\System32\Wbem;C:\WINDOWS\System32\WindowsPowerShell\v1.0\;C:\WINDOWS\System32\OpenSSH\;C:\Program Files\Git\cmd;C:\Program Files\nodejs\;C:\ProgramData\chocolatey\bin;C:\Users\myrza\AppData\Local\Programs\Python\Python311\Scripts\;C:\Users\myrza\AppData\Local\Programs\Python\Python311\;C:\Users\myrza\AppData\Local\Microsoft\WindowsApps;C:\Users\myrza\AppData\Local\Programs\Microsoft VS Code\bin;C:\Users\myrza\AppData\Roaming\Python\Scripts;C:\Users\myrza\AppData\Roaming\npm;C:\Program Files\mongosh\bin\;C:\Program Files\sqlite-tools;

Yarn version: 
  1.22.19

Node version: 
  20.1.0

Platform: 
  win32 x64

Trace: 
  Error: https://registry.yarnpkg.com/django-cors-headers: Not found
      at params.callback [as _callback] (C:\Users\myrza\AppData\Local\node\corepack\yarn\1.22.19\lib\cli.js:66145:18)
      at self.callback (C:\Users\myrza\AppData\Local\node\corepack\yarn\1.22.19\lib\cli.js:140890:22)
      at Request.emit (node:events:511:28)
      at Request.<anonymous> (C:\Users\myrza\AppData\Local\node\corepack\yarn\1.22.19\lib\cli.js:141862:10)
      at Request.emit (node:events:511:28)
      at IncomingMessage.<anonymous> (C:\Users\myrza\AppData\Local\node\corepack\yarn\1.22.19\lib\cli.js:141784:12)
      at Object.onceWrapper (node:events:625:28)
      at IncomingMessage.emit (node:events:523:35)
      at endReadableNT (node:internal/streams/readable:1367:12)
      at process.processTicksAndRejections (node:internal/process/task_queues:82:21)

npm manifest: 
  No manifest

yarn manifest: 
  No manifest

Lockfile: 
  No lockfile
